2018-05-04 17:05:36.800  INFO 8996 --- [main] i.task.tasker.TaskerApplication          : Starting TaskerApplication on DESKTOP-S14U0U2 with PID 8996 (C:\Users\Admin\Desktop\Git\task_liutyi\target\classes started by Admin in C:\Users\Admin\Desktop\Git\task_liutyi)
2018-05-04 17:05:36.806  INFO 8996 --- [main] i.task.tasker.TaskerApplication          : No active profile set, falling back to default profiles: default
2018-05-04 17:05:36.871  INFO 8996 --- [main] ConfigServletWebServerApplicationContext : Refreshing org.springframework.boot.web.servlet.context.AnnotationConfigServletWebServerApplicationContext@15b204a1: startup date [Fri May 04 17:05:36 EEST 2018]; root of context hierarchy
2018-05-04 17:05:38.394  INFO 8996 --- [main] o.s.b.w.embedded.tomcat.TomcatWebServer  : Tomcat initialized with port(s): 8080 (http)
2018-05-04 17:05:38.420  INFO 8996 --- [main] o.apache.catalina.core.StandardService   : Starting service [Tomcat]
2018-05-04 17:05:38.420  INFO 8996 --- [main] org.apache.catalina.core.StandardEngine  : Starting Servlet Engine: Apache Tomcat/8.5.29
2018-05-04 17:05:38.425  INFO 8996 --- [localhost-startStop-1] o.a.catalina.core.AprLifecycleListener   : The APR based Apache Tomcat Native library which allows optimal performance in production environments was not found on the java.library.path: [C:\Program Files\Java\jdk1.8.0_144\bin;C:\WINDOWS\Sun\Java\bin;C:\WINDOWS\system32;C:\WINDOWS;C:\Program Files (x86)\NVIDIA Corporation\PhysX\Common;C:\ProgramData\Oracle\Java\javapath;C:\WINDOWS\system32;C:\WINDOWS;C:\WINDOWS\System32\Wbem;C:\WINDOWS\System32\WindowsPowerShell\v1.0\;C:\Program Files (x86)\Skype\Phone\;C:\Program Files (x86)\AMD\ATI.ACE\Core-Static;C:\Program Files\MySQL\MySQL Utilities 1.6\;C:\Program Files\Git\cmd;C:\Program Files (x86)\ngrok;C:\Program Files (x86)\curl-7.55.1-win64-mingw\bin;C:\Program Files\PuTTY\;C:\Users\Admin\AppData\Local\Microsoft\WindowsApps;C:\Users\Admin\AppData\Local\GitHubDesktop\bin;.]
2018-05-04 17:05:38.522  INFO 8996 --- [localhost-startStop-1] o.a.c.c.C.[Tomcat].[localhost].[/]       : Initializing Spring embedded WebApplicationContext
2018-05-04 17:05:38.523  INFO 8996 --- [localhost-startStop-1] o.s.web.context.ContextLoader            : Root WebApplicationContext: initialization completed in 1652 ms
2018-05-04 17:05:38.667  INFO 8996 --- [localhost-startStop-1] o.s.b.w.servlet.ServletRegistrationBean  : Servlet dispatcherServlet mapped to [/]
2018-05-04 17:05:38.670  INFO 8996 --- [localhost-startStop-1] o.s.b.w.servlet.FilterRegistrationBean   : Mapping filter: 'characterEncodingFilter' to: [/*]
2018-05-04 17:05:38.671  INFO 8996 --- [localhost-startStop-1] o.s.b.w.servlet.FilterRegistrationBean   : Mapping filter: 'hiddenHttpMethodFilter' to: [/*]
2018-05-04 17:05:38.672  INFO 8996 --- [localhost-startStop-1] o.s.b.w.servlet.FilterRegistrationBean   : Mapping filter: 'httpPutFormContentFilter' to: [/*]
2018-05-04 17:05:38.673  INFO 8996 --- [localhost-startStop-1] o.s.b.w.servlet.FilterRegistrationBean   : Mapping filter: 'requestContextFilter' to: [/*]
2018-05-04 17:05:38.889  INFO 8996 --- [main] o.s.w.s.handler.SimpleUrlHandlerMapping  : Mapped URL path [/**/favicon.ico] onto handler of type [class org.springframework.web.servlet.resource.ResourceHttpRequestHandler]
2018-05-04 17:05:38.994  INFO 8996 --- [main] s.w.s.m.m.a.RequestMappingHandlerAdapter : Looking for @ControllerAdvice: org.springframework.boot.web.servlet.context.AnnotationConfigServletWebServerApplicationContext@15b204a1: startup date [Fri May 04 17:05:36 EEST 2018]; root of context hierarchy
2018-05-04 17:05:39.043  INFO 8996 --- [main] s.w.s.m.m.a.RequestMappingHandlerMapping : Mapped "{[/webhook],methods=[GET]}" onto public java.lang.String internship.task.tasker.controller.WebHookVerificationController.verify(java.lang.String,java.lang.String,java.lang.String)
2018-05-04 17:05:39.044  INFO 8996 --- [main] s.w.s.m.m.a.RequestMappingHandlerMapping : Mapped "{[/webhook],methods=[POST]}" onto public void internship.task.tasker.controller.WebHookVerificationController.testWebHook(internship.task.tasker.domain.WebHookRepresentationJSON)
2018-05-04 17:05:39.046  INFO 8996 --- [main] s.w.s.m.m.a.RequestMappingHandlerMapping : Mapped "{[/error]}" onto public org.springframework.http.ResponseEntity<java.util.Map<java.lang.String, java.lang.Object>> org.springframework.boot.autoconfigure.web.servlet.error.BasicErrorController.error(javax.servlet.http.HttpServletRequest)
2018-05-04 17:05:39.047  INFO 8996 --- [main] s.w.s.m.m.a.RequestMappingHandlerMapping : Mapped "{[/error],produces=[text/html]}" onto public org.springframework.web.servlet.ModelAndView org.springframework.boot.autoconfigure.web.servlet.error.BasicErrorController.errorHtml(javax.servlet.http.HttpServletRequest,javax.servlet.http.HttpServletResponse)
2018-05-04 17:05:39.070  INFO 8996 --- [main] o.s.w.s.handler.SimpleUrlHandlerMapping  : Mapped URL path [/webjars/**] onto handler of type [class org.springframework.web.servlet.resource.ResourceHttpRequestHandler]
2018-05-04 17:05:39.070  INFO 8996 --- [main] o.s.w.s.handler.SimpleUrlHandlerMapping  : Mapped URL path [/**] onto handler of type [class org.springframework.web.servlet.resource.ResourceHttpRequestHandler]
2018-05-04 17:05:39.230  INFO 8996 --- [main] o.s.j.e.a.AnnotationMBeanExporter        : Registering beans for JMX exposure on startup
2018-05-04 17:05:39.281  INFO 8996 --- [main] o.s.b.w.embedded.tomcat.TomcatWebServer  : Tomcat started on port(s): 8080 (http) with context path ''
2018-05-04 17:05:39.288  INFO 8996 --- [main] i.task.tasker.TaskerApplication          : Started TaskerApplication in 3.023 seconds (JVM running for 4.219)
2018-05-04 17:05:45.896  INFO 8996 --- [http-nio-8080-exec-1] o.a.c.c.C.[Tomcat].[localhost].[/]       : Initializing Spring FrameworkServlet 'dispatcherServlet'
2018-05-04 17:05:45.897  INFO 8996 --- [http-nio-8080-exec-1] o.s.web.servlet.DispatcherServlet        : FrameworkServlet 'dispatcherServlet': initialization started
2018-05-04 17:05:45.913  INFO 8996 --- [http-nio-8080-exec-1] o.s.web.servlet.DispatcherServlet        : FrameworkServlet 'dispatcherServlet': initialization completed in 16 ms
2018-05-04 17:22:19.420  INFO 8444 --- [main] i.task.tasker.TaskerApplication          : Starting TaskerApplication on DESKTOP-S14U0U2 with PID 8444 (C:\Users\Admin\Desktop\Git\task_liutyi\target\classes started by Admin in C:\Users\Admin\Desktop\Git\task_liutyi)
2018-05-04 17:22:19.425  INFO 8444 --- [main] i.task.tasker.TaskerApplication          : No active profile set, falling back to default profiles: default
2018-05-04 17:22:19.639  INFO 8444 --- [main] ConfigServletWebServerApplicationContext : Refreshing org.springframework.boot.web.servlet.context.AnnotationConfigServletWebServerApplicationContext@124c278f: startup date [Fri May 04 17:22:19 EEST 2018]; root of context hierarchy
2018-05-04 17:22:19.779  WARN 8444 --- [main] ConfigServletWebServerApplicationContext : Exception encountered during context initialization - cancelling refresh attempt: org.springframework.beans.factory.BeanDefinitionStoreException: Failed to parse configuration class [internship.task.tasker.TaskerApplication]; nested exception is java.io.FileNotFoundException: class path resource [resources/application.properties] cannot be opened because it does not exist
2018-05-04 17:22:20.294 ERROR 8444 --- [main] o.s.boot.SpringApplication               : Application run failed

org.springframework.beans.factory.BeanDefinitionStoreException: Failed to parse configuration class [internship.task.tasker.TaskerApplication]; nested exception is java.io.FileNotFoundException: class path resource [resources/application.properties] cannot be opened because it does not exist
	at org.springframework.context.annotation.ConfigurationClassParser.parse(ConfigurationClassParser.java:184) ~[spring-context-5.0.5.RELEASE.jar:5.0.5.RELEASE]
	at org.springframework.context.annotation.ConfigurationClassPostProcessor.processConfigBeanDefinitions(ConfigurationClassPostProcessor.java:316) ~[spring-context-5.0.5.RELEASE.jar:5.0.5.RELEASE]
	at org.springframework.context.annotation.ConfigurationClassPostProcessor.postProcessBeanDefinitionRegistry(ConfigurationClassPostProcessor.java:233) ~[spring-context-5.0.5.RELEASE.jar:5.0.5.RELEASE]
	at org.springframework.context.support.PostProcessorRegistrationDelegate.invokeBeanDefinitionRegistryPostProcessors(PostProcessorRegistrationDelegate.java:273) ~[spring-context-5.0.5.RELEASE.jar:5.0.5.RELEASE]
	at org.springframework.context.support.PostProcessorRegistrationDelegate.invokeBeanFactoryPostProcessors(PostProcessorRegistrationDelegate.java:93) ~[spring-context-5.0.5.RELEASE.jar:5.0.5.RELEASE]
	at org.springframework.context.support.AbstractApplicationContext.invokeBeanFactoryPostProcessors(AbstractApplicationContext.java:694) ~[spring-context-5.0.5.RELEASE.jar:5.0.5.RELEASE]
	at org.springframework.context.support.AbstractApplicationContext.refresh(AbstractApplicationContext.java:532) ~[spring-context-5.0.5.RELEASE.jar:5.0.5.RELEASE]
	at org.springframework.boot.web.servlet.context.ServletWebServerApplicationContext.refresh(ServletWebServerApplicationContext.java:140) ~[spring-boot-2.0.1.RELEASE.jar:2.0.1.RELEASE]
	at org.springframework.boot.SpringApplication.refresh(SpringApplication.java:759) [spring-boot-2.0.1.RELEASE.jar:2.0.1.RELEASE]
	at org.springframework.boot.SpringApplication.refreshContext(SpringApplication.java:395) [spring-boot-2.0.1.RELEASE.jar:2.0.1.RELEASE]
	at org.springframework.boot.SpringApplication.run(SpringApplication.java:327) [spring-boot-2.0.1.RELEASE.jar:2.0.1.RELEASE]
	at org.springframework.boot.SpringApplication.run(SpringApplication.java:1255) [spring-boot-2.0.1.RELEASE.jar:2.0.1.RELEASE]
	at org.springframework.boot.SpringApplication.run(SpringApplication.java:1243) [spring-boot-2.0.1.RELEASE.jar:2.0.1.RELEASE]
	at internship.task.tasker.TaskerApplication.main(TaskerApplication.java:21) [classes/:na]
Caused by: java.io.FileNotFoundException: class path resource [resources/application.properties] cannot be opened because it does not exist
	at org.springframework.core.io.ClassPathResource.getInputStream(ClassPathResource.java:180) ~[spring-core-5.0.5.RELEASE.jar:5.0.5.RELEASE]
	at org.springframework.core.io.support.EncodedResource.getInputStream(EncodedResource.java:159) ~[spring-core-5.0.5.RELEASE.jar:5.0.5.RELEASE]
	at org.springframework.core.io.support.PropertiesLoaderUtils.fillProperties(PropertiesLoaderUtils.java:99) ~[spring-core-5.0.5.RELEASE.jar:5.0.5.RELEASE]
	at org.springframework.core.io.support.PropertiesLoaderUtils.fillProperties(PropertiesLoaderUtils.java:73) ~[spring-core-5.0.5.RELEASE.jar:5.0.5.RELEASE]
	at org.springframework.core.io.support.PropertiesLoaderUtils.loadProperties(PropertiesLoaderUtils.java:59) ~[spring-core-5.0.5.RELEASE.jar:5.0.5.RELEASE]
	at org.springframework.core.io.support.ResourcePropertySource.<init>(ResourcePropertySource.java:67) ~[spring-core-5.0.5.RELEASE.jar:5.0.5.RELEASE]
	at org.springframework.core.io.support.DefaultPropertySourceFactory.createPropertySource(DefaultPropertySourceFactory.java:37) ~[spring-core-5.0.5.RELEASE.jar:5.0.5.RELEASE]
	at org.springframework.context.annotation.ConfigurationClassParser.processPropertySource(ConfigurationClassParser.java:450) ~[spring-context-5.0.5.RELEASE.jar:5.0.5.RELEASE]
	at org.springframework.context.annotation.ConfigurationClassParser.doProcessConfigurationClass(ConfigurationClassParser.java:272) ~[spring-context-5.0.5.RELEASE.jar:5.0.5.RELEASE]
	at org.springframework.context.annotation.ConfigurationClassParser.processConfigurationClass(ConfigurationClassParser.java:245) ~[spring-context-5.0.5.RELEASE.jar:5.0.5.RELEASE]
	at org.springframework.context.annotation.ConfigurationClassParser.parse(ConfigurationClassParser.java:202) ~[spring-context-5.0.5.RELEASE.jar:5.0.5.RELEASE]
	at org.springframework.context.annotation.ConfigurationClassParser.parse(ConfigurationClassParser.java:170) ~[spring-context-5.0.5.RELEASE.jar:5.0.5.RELEASE]
	... 13 common frames omitted

2018-05-04 17:22:51.945  INFO 2860 --- [main] i.task.tasker.TaskerApplication          : Starting TaskerApplication on DESKTOP-S14U0U2 with PID 2860 (C:\Users\Admin\Desktop\Git\task_liutyi\target\classes started by Admin in C:\Users\Admin\Desktop\Git\task_liutyi)
2018-05-04 17:22:51.951  INFO 2860 --- [main] i.task.tasker.TaskerApplication          : No active profile set, falling back to default profiles: default
2018-05-04 17:22:52.065  INFO 2860 --- [main] ConfigServletWebServerApplicationContext : Refreshing org.springframework.boot.web.servlet.context.AnnotationConfigServletWebServerApplicationContext@29176cc1: startup date [Fri May 04 17:22:52 EEST 2018]; root of context hierarchy
2018-05-04 17:22:53.768  INFO 2860 --- [main] o.s.b.w.embedded.tomcat.TomcatWebServer  : Tomcat initialized with port(s): 8080 (http)
2018-05-04 17:22:53.798  INFO 2860 --- [main] o.apache.catalina.core.StandardService   : Starting service [Tomcat]
2018-05-04 17:22:53.798  INFO 2860 --- [main] org.apache.catalina.core.StandardEngine  : Starting Servlet Engine: Apache Tomcat/8.5.29
2018-05-04 17:22:53.803  INFO 2860 --- [localhost-startStop-1] o.a.catalina.core.AprLifecycleListener   : The APR based Apache Tomcat Native library which allows optimal performance in production environments was not found on the java.library.path: [C:\Program Files\Java\jdk1.8.0_144\bin;C:\WINDOWS\Sun\Java\bin;C:\WINDOWS\system32;C:\WINDOWS;C:\Program Files (x86)\NVIDIA Corporation\PhysX\Common;C:\ProgramData\Oracle\Java\javapath;C:\WINDOWS\system32;C:\WINDOWS;C:\WINDOWS\System32\Wbem;C:\WINDOWS\System32\WindowsPowerShell\v1.0\;C:\Program Files (x86)\Skype\Phone\;C:\Program Files (x86)\AMD\ATI.ACE\Core-Static;C:\Program Files\MySQL\MySQL Utilities 1.6\;C:\Program Files\Git\cmd;C:\Program Files (x86)\ngrok;C:\Program Files (x86)\curl-7.55.1-win64-mingw\bin;C:\Program Files\PuTTY\;C:\Users\Admin\AppData\Local\Microsoft\WindowsApps;C:\Users\Admin\AppData\Local\GitHubDesktop\bin;.]
2018-05-04 17:22:53.907  INFO 2860 --- [localhost-startStop-1] o.a.c.c.C.[Tomcat].[localhost].[/]       : Initializing Spring embedded WebApplicationContext
2018-05-04 17:22:53.909  INFO 2860 --- [localhost-startStop-1] o.s.web.context.ContextLoader            : Root WebApplicationContext: initialization completed in 1843 ms
2018-05-04 17:22:54.068  INFO 2860 --- [localhost-startStop-1] o.s.b.w.servlet.ServletRegistrationBean  : Servlet dispatcherServlet mapped to [/]
2018-05-04 17:22:54.072  INFO 2860 --- [localhost-startStop-1] o.s.b.w.servlet.FilterRegistrationBean   : Mapping filter: 'characterEncodingFilter' to: [/*]
2018-05-04 17:22:54.073  INFO 2860 --- [localhost-startStop-1] o.s.b.w.servlet.FilterRegistrationBean   : Mapping filter: 'hiddenHttpMethodFilter' to: [/*]
2018-05-04 17:22:54.074  INFO 2860 --- [localhost-startStop-1] o.s.b.w.servlet.FilterRegistrationBean   : Mapping filter: 'httpPutFormContentFilter' to: [/*]
2018-05-04 17:22:54.074  INFO 2860 --- [localhost-startStop-1] o.s.b.w.servlet.FilterRegistrationBean   : Mapping filter: 'requestContextFilter' to: [/*]
2018-05-04 17:22:54.222  WARN 2860 --- [main] ConfigServletWebServerApplicationContext : Exception encountered during context initialization - cancelling refresh attempt: org.springframework.beans.factory.UnsatisfiedDependencyException: Error creating bean with name 'webHookVerificationController': Unsatisfied dependency expressed through field 'decision'; nested exception is org.springframework.beans.factory.UnsatisfiedDependencyException: Error creating bean with name 'decisionMakingAnswerService': Unsatisfied dependency expressed through field 'executor'; nested exception is org.springframework.beans.factory.UnsatisfiedDependencyException: Error creating bean with name 'serviceCallbackExecutor': Unsatisfied dependency expressed through field 'urlButtons'; nested exception is org.springframework.beans.factory.BeanCreationException: Error creating bean with name 'URLButtonsService' defined in file [C:\Users\Admin\Desktop\Git\task_liutyi\target\classes\internship\task\tasker\Manager\URLButtonsService.class]: Post-processing of merged bean definition failed; nested exception is java.lang.IllegalStateException: Failed to introspect Class [internship.task.tasker.Manager.URLButtonsService] from ClassLoader [sun.misc.Launcher$AppClassLoader@18b4aac2]
2018-05-04 17:22:54.224  INFO 2860 --- [main] o.apache.catalina.core.StandardService   : Stopping service [Tomcat]
2018-05-04 17:22:54.240  INFO 2860 --- [main] ConditionEvaluationReportLoggingListener : 

Error starting ApplicationContext. To display the conditions report re-run your application with 'debug' enabled.
2018-05-04 17:22:54.250 ERROR 2860 --- [main] o.s.boot.SpringApplication               : Application run failed

org.springframework.beans.factory.UnsatisfiedDependencyException: Error creating bean with name 'webHookVerificationController': Unsatisfied dependency expressed through field 'decision'; nested exception is org.springframework.beans.factory.UnsatisfiedDependencyException: Error creating bean with name 'decisionMakingAnswerService': Unsatisfied dependency expressed through field 'executor'; nested exception is org.springframework.beans.factory.UnsatisfiedDependencyException: Error creating bean with name 'serviceCallbackExecutor': Unsatisfied dependency expressed through field 'urlButtons'; nested exception is org.springframework.beans.factory.BeanCreationException: Error creating bean with name 'URLButtonsService' defined in file [C:\Users\Admin\Desktop\Git\task_liutyi\target\classes\internship\task\tasker\Manager\URLButtonsService.class]: Post-processing of merged bean definition failed; nested exception is java.lang.IllegalStateException: Failed to introspect Class [internship.task.tasker.Manager.URLButtonsService] from ClassLoader [sun.misc.Launcher$AppClassLoader@18b4aac2]
	at org.springframework.beans.factory.annotation.AutowiredAnnotationBeanPostProcessor$AutowiredFieldElement.inject(AutowiredAnnotationBeanPostProcessor.java:587) ~[spring-beans-5.0.5.RELEASE.jar:5.0.5.RELEASE]
	at org.springframework.beans.factory.annotation.InjectionMetadata.inject(InjectionMetadata.java:91) ~[spring-beans-5.0.5.RELEASE.jar:5.0.5.RELEASE]
	at org.springframework.beans.factory.annotation.AutowiredAnnotationBeanPostProcessor.postProcessPropertyValues(AutowiredAnnotationBeanPostProcessor.java:373) ~[spring-beans-5.0.5.RELEASE.jar:5.0.5.RELEASE]
	at org.springframework.beans.factory.support.AbstractAutowireCapableBeanFactory.populateBean(AbstractAutowireCapableBeanFactory.java:1344) ~[spring-beans-5.0.5.RELEASE.jar:5.0.5.RELEASE]
	at org.springframework.beans.factory.support.AbstractAutowireCapableBeanFactory.doCreateBean(AbstractAutowireCapableBeanFactory.java:578) ~[spring-beans-5.0.5.RELEASE.jar:5.0.5.RELEASE]
	at org.springframework.beans.factory.support.AbstractAutowireCapableBeanFactory.createBean(AbstractAutowireCapableBeanFactory.java:501) ~[spring-beans-5.0.5.RELEASE.jar:5.0.5.RELEASE]
	at org.springframework.beans.factory.support.AbstractBeanFactory.lambda$doGetBean$0(AbstractBeanFactory.java:317) ~[spring-beans-5.0.5.RELEASE.jar:5.0.5.RELEASE]
	at org.springframework.beans.factory.support.DefaultSingletonBeanRegistry.getSingleton(DefaultSingletonBeanRegistry.java:228) ~[spring-beans-5.0.5.RELEASE.jar:5.0.5.RELEASE]
	at org.springframework.beans.factory.support.AbstractBeanFactory.doGetBean(AbstractBeanFactory.java:315) ~[spring-beans-5.0.5.RELEASE.jar:5.0.5.RELEASE]
	at org.springframework.beans.factory.support.AbstractBeanFactory.getBean(AbstractBeanFactory.java:199) ~[spring-beans-5.0.5.RELEASE.jar:5.0.5.RELEASE]
	at org.springframework.beans.factory.support.DefaultListableBeanFactory.preInstantiateSingletons(DefaultListableBeanFactory.java:760) ~[spring-beans-5.0.5.RELEASE.jar:5.0.5.RELEASE]
	at org.springframework.context.support.AbstractApplicationContext.finishBeanFactoryInitialization(AbstractApplicationContext.java:869) ~[spring-context-5.0.5.RELEASE.jar:5.0.5.RELEASE]
	at org.springframework.context.support.AbstractApplicationContext.refresh(AbstractApplicationContext.java:550) ~[spring-context-5.0.5.RELEASE.jar:5.0.5.RELEASE]
	at org.springframework.boot.web.servlet.context.ServletWebServerApplicationContext.refresh(ServletWebServerApplicationContext.java:140) ~[spring-boot-2.0.1.RELEASE.jar:2.0.1.RELEASE]
	at org.springframework.boot.SpringApplication.refresh(SpringApplication.java:759) [spring-boot-2.0.1.RELEASE.jar:2.0.1.RELEASE]
	at org.springframework.boot.SpringApplication.refreshContext(SpringApplication.java:395) [spring-boot-2.0.1.RELEASE.jar:2.0.1.RELEASE]
	at org.springframework.boot.SpringApplication.run(SpringApplication.java:327) [spring-boot-2.0.1.RELEASE.jar:2.0.1.RELEASE]
	at org.springframework.boot.SpringApplication.run(SpringApplication.java:1255) [spring-boot-2.0.1.RELEASE.jar:2.0.1.RELEASE]
	at org.springframework.boot.SpringApplication.run(SpringApplication.java:1243) [spring-boot-2.0.1.RELEASE.jar:2.0.1.RELEASE]
	at internship.task.tasker.TaskerApplication.main(TaskerApplication.java:17) [classes/:na]
Caused by: org.springframework.beans.factory.UnsatisfiedDependencyException: Error creating bean with name 'decisionMakingAnswerService': Unsatisfied dependency expressed through field 'executor'; nested exception is org.springframework.beans.factory.UnsatisfiedDependencyException: Error creating bean with name 'serviceCallbackExecutor': Unsatisfied dependency expressed through field 'urlButtons'; nested exception is org.springframework.beans.factory.BeanCreationException: Error creating bean with name 'URLButtonsService' defined in file [C:\Users\Admin\Desktop\Git\task_liutyi\target\classes\internship\task\tasker\Manager\URLButtonsService.class]: Post-processing of merged bean definition failed; nested exception is java.lang.IllegalStateException: Failed to introspect Class [internship.task.tasker.Manager.URLButtonsService] from ClassLoader [sun.misc.Launcher$AppClassLoader@18b4aac2]
	at org.springframework.beans.factory.annotation.AutowiredAnnotationBeanPostProcessor$AutowiredFieldElement.inject(AutowiredAnnotationBeanPostProcessor.java:587) ~[spring-beans-5.0.5.RELEASE.jar:5.0.5.RELEASE]
	at org.springframework.beans.factory.annotation.InjectionMetadata.inject(InjectionMetadata.java:91) ~[spring-beans-5.0.5.RELEASE.jar:5.0.5.RELEASE]
	at org.springframework.beans.factory.annotation.AutowiredAnnotationBeanPostProcessor.postProcessPropertyValues(AutowiredAnnotationBeanPostProcessor.java:373) ~[spring-beans-5.0.5.RELEASE.jar:5.0.5.RELEASE]
	at org.springframework.beans.factory.support.AbstractAutowireCapableBeanFactory.populateBean(AbstractAutowireCapableBeanFactory.java:1344) ~[spring-beans-5.0.5.RELEASE.jar:5.0.5.RELEASE]
	at org.springframework.beans.factory.support.AbstractAutowireCapableBeanFactory.doCreateBean(AbstractAutowireCapableBeanFactory.java:578) ~[spring-beans-5.0.5.RELEASE.jar:5.0.5.RELEASE]
	at org.springframework.beans.factory.support.AbstractAutowireCapableBeanFactory.createBean(AbstractAutowireCapableBeanFactory.java:501) ~[spring-beans-5.0.5.RELEASE.jar:5.0.5.RELEASE]
	at org.springframework.beans.factory.support.AbstractBeanFactory.lambda$doGetBean$0(AbstractBeanFactory.java:317) ~[spring-beans-5.0.5.RELEASE.jar:5.0.5.RELEASE]
	at org.springframework.beans.factory.support.DefaultSingletonBeanRegistry.getSingleton(DefaultSingletonBeanRegistry.java:228) ~[spring-beans-5.0.5.RELEASE.jar:5.0.5.RELEASE]
	at org.springframework.beans.factory.support.AbstractBeanFactory.doGetBean(AbstractBeanFactory.java:315) ~[spring-beans-5.0.5.RELEASE.jar:5.0.5.RELEASE]
	at org.springframework.beans.factory.support.AbstractBeanFactory.getBean(AbstractBeanFactory.java:199) ~[spring-beans-5.0.5.RELEASE.jar:5.0.5.RELEASE]
	at org.springframework.beans.factory.config.DependencyDescriptor.resolveCandidate(DependencyDescriptor.java:251) ~[spring-beans-5.0.5.RELEASE.jar:5.0.5.RELEASE]
	at org.springframework.beans.factory.support.DefaultListableBeanFactory.doResolveDependency(DefaultListableBeanFactory.java:1138) ~[spring-beans-5.0.5.RELEASE.jar:5.0.5.RELEASE]
	at org.springframework.beans.factory.support.DefaultListableBeanFactory.resolveDependency(DefaultListableBeanFactory.java:1065) ~[spring-beans-5.0.5.RELEASE.jar:5.0.5.RELEASE]
	at org.springframework.beans.factory.annotation.AutowiredAnnotationBeanPostProcessor$AutowiredFieldElement.inject(AutowiredAnnotationBeanPostProcessor.java:584) ~[spring-beans-5.0.5.RELEASE.jar:5.0.5.RELEASE]
	... 19 common frames omitted
Caused by: org.springframework.beans.factory.UnsatisfiedDependencyException: Error creating bean with name 'serviceCallbackExecutor': Unsatisfied dependency expressed through field 'urlButtons'; nested exception is org.springframework.beans.factory.BeanCreationException: Error creating bean with name 'URLButtonsService' defined in file [C:\Users\Admin\Desktop\Git\task_liutyi\target\classes\internship\task\tasker\Manager\URLButtonsService.class]: Post-processing of merged bean definition failed; nested exception is java.lang.IllegalStateException: Failed to introspect Class [internship.task.tasker.Manager.URLButtonsService] from ClassLoader [sun.misc.Launcher$AppClassLoader@18b4aac2]
	at org.springframework.beans.factory.annotation.AutowiredAnnotationBeanPostProcessor$AutowiredFieldElement.inject(AutowiredAnnotationBeanPostProcessor.java:587) ~[spring-beans-5.0.5.RELEASE.jar:5.0.5.RELEASE]
	at org.springframework.beans.factory.annotation.InjectionMetadata.inject(InjectionMetadata.java:91) ~[spring-beans-5.0.5.RELEASE.jar:5.0.5.RELEASE]
	at org.springframework.beans.factory.annotation.AutowiredAnnotationBeanPostProcessor.postProcessPropertyValues(AutowiredAnnotationBeanPostProcessor.java:373) ~[spring-beans-5.0.5.RELEASE.jar:5.0.5.RELEASE]
	at org.springframework.beans.factory.support.AbstractAutowireCapableBeanFactory.populateBean(AbstractAutowireCapableBeanFactory.java:1344) ~[spring-beans-5.0.5.RELEASE.jar:5.0.5.RELEASE]
	at org.springframework.beans.factory.support.AbstractAutowireCapableBeanFactory.doCreateBean(AbstractAutowireCapableBeanFactory.java:578) ~[spring-beans-5.0.5.RELEASE.jar:5.0.5.RELEASE]
	at org.springframework.beans.factory.support.AbstractAutowireCapableBeanFactory.createBean(AbstractAutowireCapableBeanFactory.java:501) ~[spring-beans-5.0.5.RELEASE.jar:5.0.5.RELEASE]
	at org.springframework.beans.factory.support.AbstractBeanFactory.lambda$doGetBean$0(AbstractBeanFactory.java:317) ~[spring-beans-5.0.5.RELEASE.jar:5.0.5.RELEASE]
	at org.springframework.beans.factory.support.DefaultSingletonBeanRegistry.getSingleton(DefaultSingletonBeanRegistry.java:228) ~[spring-beans-5.0.5.RELEASE.jar:5.0.5.RELEASE]
	at org.springframework.beans.factory.support.AbstractBeanFactory.doGetBean(AbstractBeanFactory.java:315) ~[spring-beans-5.0.5.RELEASE.jar:5.0.5.RELEASE]
	at org.springframework.beans.factory.support.AbstractBeanFactory.getBean(AbstractBeanFactory.java:199) ~[spring-beans-5.0.5.RELEASE.jar:5.0.5.RELEASE]
	at org.springframework.beans.factory.config.DependencyDescriptor.resolveCandidate(DependencyDescriptor.java:251) ~[spring-beans-5.0.5.RELEASE.jar:5.0.5.RELEASE]
	at org.springframework.beans.factory.support.DefaultListableBeanFactory.doResolveDependency(DefaultListableBeanFactory.java:1138) ~[spring-beans-5.0.5.RELEASE.jar:5.0.5.RELEASE]
	at org.springframework.beans.factory.support.DefaultListableBeanFactory.resolveDependency(DefaultListableBeanFactory.java:1065) ~[spring-beans-5.0.5.RELEASE.jar:5.0.5.RELEASE]
	at org.springframework.beans.factory.annotation.AutowiredAnnotationBeanPostProcessor$AutowiredFieldElement.inject(AutowiredAnnotationBeanPostProcessor.java:584) ~[spring-beans-5.0.5.RELEASE.jar:5.0.5.RELEASE]
	... 32 common frames omitted
Caused by: org.springframework.beans.factory.BeanCreationException: Error creating bean with name 'URLButtonsService' defined in file [C:\Users\Admin\Desktop\Git\task_liutyi\target\classes\internship\task\tasker\Manager\URLButtonsService.class]: Post-processing of merged bean definition failed; nested exception is java.lang.IllegalStateException: Failed to introspect Class [internship.task.tasker.Manager.URLButtonsService] from ClassLoader [sun.misc.Launcher$AppClassLoader@18b4aac2]
	at org.springframework.beans.factory.support.AbstractAutowireCapableBeanFactory.doCreateBean(AbstractAutowireCapableBeanFactory.java:556) ~[spring-beans-5.0.5.RELEASE.jar:5.0.5.RELEASE]
	at org.springframework.beans.factory.support.AbstractAutowireCapableBeanFactory.createBean(AbstractAutowireCapableBeanFactory.java:501) ~[spring-beans-5.0.5.RELEASE.jar:5.0.5.RELEASE]
	at org.springframework.beans.factory.support.AbstractBeanFactory.lambda$doGetBean$0(AbstractBeanFactory.java:317) ~[spring-beans-5.0.5.RELEASE.jar:5.0.5.RELEASE]
	at org.springframework.beans.factory.support.DefaultSingletonBeanRegistry.getSingleton(DefaultSingletonBeanRegistry.java:228) ~[spring-beans-5.0.5.RELEASE.jar:5.0.5.RELEASE]
	at org.springframework.beans.factory.support.AbstractBeanFactory.doGetBean(AbstractBeanFactory.java:315) ~[spring-beans-5.0.5.RELEASE.jar:5.0.5.RELEASE]
	at org.springframework.beans.factory.support.AbstractBeanFactory.getBean(AbstractBeanFactory.java:199) ~[spring-beans-5.0.5.RELEASE.jar:5.0.5.RELEASE]
	at org.springframework.beans.factory.config.DependencyDescriptor.resolveCandidate(DependencyDescriptor.java:251) ~[spring-beans-5.0.5.RELEASE.jar:5.0.5.RELEASE]
	at org.springframework.beans.factory.support.DefaultListableBeanFactory.doResolveDependency(DefaultListableBeanFactory.java:1138) ~[spring-beans-5.0.5.RELEASE.jar:5.0.5.RELEASE]
	at org.springframework.beans.factory.support.DefaultListableBeanFactory.resolveDependency(DefaultListableBeanFactory.java:1065) ~[spring-beans-5.0.5.RELEASE.jar:5.0.5.RELEASE]
	at org.springframework.beans.factory.annotation.AutowiredAnnotationBeanPostProcessor$AutowiredFieldElement.inject(AutowiredAnnotationBeanPostProcessor.java:584) ~[spring-beans-5.0.5.RELEASE.jar:5.0.5.RELEASE]
	... 45 common frames omitted
Caused by: java.lang.IllegalStateException: Failed to introspect Class [internship.task.tasker.Manager.URLButtonsService] from ClassLoader [sun.misc.Launcher$AppClassLoader@18b4aac2]
	at org.springframework.util.ReflectionUtils.getDeclaredFields(ReflectionUtils.java:758) ~[spring-core-5.0.5.RELEASE.jar:5.0.5.RELEASE]
	at org.springframework.util.ReflectionUtils.doWithLocalFields(ReflectionUtils.java:690) ~[spring-core-5.0.5.RELEASE.jar:5.0.5.RELEASE]
	at org.springframework.context.annotation.CommonAnnotationBeanPostProcessor.buildResourceMetadata(CommonAnnotationBeanPostProcessor.java:355) ~[spring-context-5.0.5.RELEASE.jar:5.0.5.RELEASE]
	at org.springframework.context.annotation.CommonAnnotationBeanPostProcessor.findResourceMetadata(CommonAnnotationBeanPostProcessor.java:339) ~[spring-context-5.0.5.RELEASE.jar:5.0.5.RELEASE]
	at org.springframework.context.annotation.CommonAnnotationBeanPostProcessor.postProcessMergedBeanDefinition(CommonAnnotationBeanPostProcessor.java:298) ~[spring-context-5.0.5.RELEASE.jar:5.0.5.RELEASE]
	at org.springframework.beans.factory.support.AbstractAutowireCapableBeanFactory.applyMergedBeanDefinitionPostProcessors(AbstractAutowireCapableBeanFactory.java:1016) ~[spring-beans-5.0.5.RELEASE.jar:5.0.5.RELEASE]
	at org.springframework.beans.factory.support.AbstractAutowireCapableBeanFactory.doCreateBean(AbstractAutowireCapableBeanFactory.java:553) ~[spring-beans-5.0.5.RELEASE.jar:5.0.5.RELEASE]
	... 54 common frames omitted
Caused by: java.lang.NoClassDefFoundError: Llombok/extern/log4j/Log4j2;
	at java.lang.Class.getDeclaredFields0(Native Method) ~[na:1.8.0_144]
	at java.lang.Class.privateGetDeclaredFields(Class.java:2583) ~[na:1.8.0_144]
	at java.lang.Class.getDeclaredFields(Class.java:1916) ~[na:1.8.0_144]
	at org.springframework.util.ReflectionUtils.getDeclaredFields(ReflectionUtils.java:753) ~[spring-core-5.0.5.RELEASE.jar:5.0.5.RELEASE]
	... 60 common frames omitted
Caused by: java.lang.ClassNotFoundException: lombok.extern.log4j.Log4j2
	at java.net.URLClassLoader.findClass(URLClassLoader.java:381) ~[na:1.8.0_144]
	at java.lang.ClassLoader.loadClass(ClassLoader.java:424) ~[na:1.8.0_144]
	at sun.misc.Launcher$AppClassLoader.loadClass(Launcher.java:335) ~[na:1.8.0_144]
	at java.lang.ClassLoader.loadClass(ClassLoader.java:357) ~[na:1.8.0_144]
	... 64 common frames omitted

2018-05-04 17:23:19.421  INFO 6508 --- [main] i.task.tasker.TaskerApplication          : Starting TaskerApplication on DESKTOP-S14U0U2 with PID 6508 (C:\Users\Admin\Desktop\Git\task_liutyi\target\classes started by Admin in C:\Users\Admin\Desktop\Git\task_liutyi)
2018-05-04 17:23:19.432  INFO 6508 --- [main] i.task.tasker.TaskerApplication          : No active profile set, falling back to default profiles: default
2018-05-04 17:23:19.569  INFO 6508 --- [main] ConfigServletWebServerApplicationContext : Refreshing org.springframework.boot.web.servlet.context.AnnotationConfigServletWebServerApplicationContext@147ed70f: startup date [Fri May 04 17:23:19 EEST 2018]; root of context hierarchy
2018-05-04 17:23:21.022  INFO 6508 --- [main] o.s.b.w.embedded.tomcat.TomcatWebServer  : Tomcat initialized with port(s): 8080 (http)
2018-05-04 17:23:21.042  INFO 6508 --- [main] o.apache.catalina.core.StandardService   : Starting service [Tomcat]
2018-05-04 17:23:21.043  INFO 6508 --- [main] org.apache.catalina.core.StandardEngine  : Starting Servlet Engine: Apache Tomcat/8.5.29
2018-05-04 17:23:21.047  INFO 6508 --- [localhost-startStop-1] o.a.catalina.core.AprLifecycleListener   : The APR based Apache Tomcat Native library which allows optimal performance in production environments was not found on the java.library.path: [C:\Program Files\Java\jdk1.8.0_144\bin;C:\WINDOWS\Sun\Java\bin;C:\WINDOWS\system32;C:\WINDOWS;C:\Program Files (x86)\NVIDIA Corporation\PhysX\Common;C:\ProgramData\Oracle\Java\javapath;C:\WINDOWS\system32;C:\WINDOWS;C:\WINDOWS\System32\Wbem;C:\WINDOWS\System32\WindowsPowerShell\v1.0\;C:\Program Files (x86)\Skype\Phone\;C:\Program Files (x86)\AMD\ATI.ACE\Core-Static;C:\Program Files\MySQL\MySQL Utilities 1.6\;C:\Program Files\Git\cmd;C:\Program Files (x86)\ngrok;C:\Program Files (x86)\curl-7.55.1-win64-mingw\bin;C:\Program Files\PuTTY\;C:\Users\Admin\AppData\Local\Microsoft\WindowsApps;C:\Users\Admin\AppData\Local\GitHubDesktop\bin;.]
2018-05-04 17:23:21.124  INFO 6508 --- [localhost-startStop-1] o.a.c.c.C.[Tomcat].[localhost].[/]       : Initializing Spring embedded WebApplicationContext
2018-05-04 17:23:21.126  INFO 6508 --- [localhost-startStop-1] o.s.web.context.ContextLoader            : Root WebApplicationContext: initialization completed in 1557 ms
2018-05-04 17:23:21.256  INFO 6508 --- [localhost-startStop-1] o.s.b.w.servlet.ServletRegistrationBean  : Servlet dispatcherServlet mapped to [/]
2018-05-04 17:23:21.260  INFO 6508 --- [localhost-startStop-1] o.s.b.w.servlet.FilterRegistrationBean   : Mapping filter: 'characterEncodingFilter' to: [/*]
2018-05-04 17:23:21.261  INFO 6508 --- [localhost-startStop-1] o.s.b.w.servlet.FilterRegistrationBean   : Mapping filter: 'hiddenHttpMethodFilter' to: [/*]
2018-05-04 17:23:21.262  INFO 6508 --- [localhost-startStop-1] o.s.b.w.servlet.FilterRegistrationBean   : Mapping filter: 'httpPutFormContentFilter' to: [/*]
2018-05-04 17:23:21.262  INFO 6508 --- [localhost-startStop-1] o.s.b.w.servlet.FilterRegistrationBean   : Mapping filter: 'requestContextFilter' to: [/*]
2018-05-04 17:23:21.514  INFO 6508 --- [main] o.s.w.s.handler.SimpleUrlHandlerMapping  : Mapped URL path [/**/favicon.ico] onto handler of type [class org.springframework.web.servlet.resource.ResourceHttpRequestHandler]
2018-05-04 17:23:21.622  INFO 6508 --- [main] s.w.s.m.m.a.RequestMappingHandlerAdapter : Looking for @ControllerAdvice: org.springframework.boot.web.servlet.context.AnnotationConfigServletWebServerApplicationContext@147ed70f: startup date [Fri May 04 17:23:19 EEST 2018]; root of context hierarchy
2018-05-04 17:23:21.672  INFO 6508 --- [main] s.w.s.m.m.a.RequestMappingHandlerMapping : Mapped "{[/webhook],methods=[GET]}" onto public java.lang.String internship.task.tasker.controller.WebHookVerificationController.verify(java.lang.String,java.lang.String,java.lang.String)
2018-05-04 17:23:21.673  INFO 6508 --- [main] s.w.s.m.m.a.RequestMappingHandlerMapping : Mapped "{[/webhook],methods=[POST]}" onto public void internship.task.tasker.controller.WebHookVerificationController.testWebHook(internship.task.tasker.domain.WebHookRepresentationJSON)
2018-05-04 17:23:21.676  INFO 6508 --- [main] s.w.s.m.m.a.RequestMappingHandlerMapping : Mapped "{[/error]}" onto public org.springframework.http.ResponseEntity<java.util.Map<java.lang.String, java.lang.Object>> org.springframework.boot.autoconfigure.web.servlet.error.BasicErrorController.error(javax.servlet.http.HttpServletRequest)
2018-05-04 17:23:21.676  INFO 6508 --- [main] s.w.s.m.m.a.RequestMappingHandlerMapping : Mapped "{[/error],produces=[text/html]}" onto public org.springframework.web.servlet.ModelAndView org.springframework.boot.autoconfigure.web.servlet.error.BasicErrorController.errorHtml(javax.servlet.http.HttpServletRequest,javax.servlet.http.HttpServletResponse)
2018-05-04 17:23:21.700  INFO 6508 --- [main] o.s.w.s.handler.SimpleUrlHandlerMapping  : Mapped URL path [/webjars/**] onto handler of type [class org.springframework.web.servlet.resource.ResourceHttpRequestHandler]
2018-05-04 17:23:21.700  INFO 6508 --- [main] o.s.w.s.handler.SimpleUrlHandlerMapping  : Mapped URL path [/**] onto handler of type [class org.springframework.web.servlet.resource.ResourceHttpRequestHandler]
2018-05-04 17:23:21.849  INFO 6508 --- [main] o.s.j.e.a.AnnotationMBeanExporter        : Registering beans for JMX exposure on startup
2018-05-04 17:23:21.886  INFO 6508 --- [main] o.s.b.w.embedded.tomcat.TomcatWebServer  : Tomcat started on port(s): 8080 (http) with context path ''
2018-05-04 17:23:21.892  INFO 6508 --- [main] i.task.tasker.TaskerApplication          : Started TaskerApplication in 2.935 seconds (JVM running for 4.159)
2018-05-04 17:23:28.166  INFO 6508 --- [http-nio-8080-exec-1] o.a.c.c.C.[Tomcat].[localhost].[/]       : Initializing Spring FrameworkServlet 'dispatcherServlet'
2018-05-04 17:23:28.167  INFO 6508 --- [http-nio-8080-exec-1] o.s.web.servlet.DispatcherServlet        : FrameworkServlet 'dispatcherServlet': initialization started
2018-05-04 17:23:28.193  INFO 6508 --- [http-nio-8080-exec-1] o.s.web.servlet.DispatcherServlet        : FrameworkServlet 'dispatcherServlet': initialization completed in 26 ms
2018-05-04 17:24:45.882  INFO 8440 --- [main] i.task.tasker.TaskerApplication          : Starting TaskerApplication on DESKTOP-S14U0U2 with PID 8440 (C:\Users\Admin\Desktop\Git\task_liutyi\target\classes started by Admin in C:\Users\Admin\Desktop\Git\task_liutyi)
2018-05-04 17:24:45.888  INFO 8440 --- [main] i.task.tasker.TaskerApplication          : No active profile set, falling back to default profiles: default
2018-05-04 17:24:45.990  INFO 8440 --- [main] ConfigServletWebServerApplicationContext : Refreshing org.springframework.boot.web.servlet.context.AnnotationConfigServletWebServerApplicationContext@6973bf95: startup date [Fri May 04 17:24:45 EEST 2018]; root of context hierarchy
2018-05-04 17:24:47.531  INFO 8440 --- [main] o.s.b.w.embedded.tomcat.TomcatWebServer  : Tomcat initialized with port(s): 8080 (http)
2018-05-04 17:24:47.553  INFO 8440 --- [main] o.apache.catalina.core.StandardService   : Starting service [Tomcat]
2018-05-04 17:24:47.554  INFO 8440 --- [main] org.apache.catalina.core.StandardEngine  : Starting Servlet Engine: Apache Tomcat/8.5.29
2018-05-04 17:24:47.558  INFO 8440 --- [localhost-startStop-1] o.a.catalina.core.AprLifecycleListener   : The APR based Apache Tomcat Native library which allows optimal performance in production environments was not found on the java.library.path: [C:\Program Files\Java\jdk1.8.0_144\bin;C:\WINDOWS\Sun\Java\bin;C:\WINDOWS\system32;C:\WINDOWS;C:\Program Files (x86)\NVIDIA Corporation\PhysX\Common;C:\ProgramData\Oracle\Java\javapath;C:\WINDOWS\system32;C:\WINDOWS;C:\WINDOWS\System32\Wbem;C:\WINDOWS\System32\WindowsPowerShell\v1.0\;C:\Program Files (x86)\Skype\Phone\;C:\Program Files (x86)\AMD\ATI.ACE\Core-Static;C:\Program Files\MySQL\MySQL Utilities 1.6\;C:\Program Files\Git\cmd;C:\Program Files (x86)\ngrok;C:\Program Files (x86)\curl-7.55.1-win64-mingw\bin;C:\Program Files\PuTTY\;C:\Users\Admin\AppData\Local\Microsoft\WindowsApps;C:\Users\Admin\AppData\Local\GitHubDesktop\bin;.]
2018-05-04 17:24:47.637  INFO 8440 --- [localhost-startStop-1] o.a.c.c.C.[Tomcat].[localhost].[/]       : Initializing Spring embedded WebApplicationContext
2018-05-04 17:24:47.638  INFO 8440 --- [localhost-startStop-1] o.s.web.context.ContextLoader            : Root WebApplicationContext: initialization completed in 1648 ms
2018-05-04 17:24:47.760  INFO 8440 --- [localhost-startStop-1] o.s.b.w.servlet.ServletRegistrationBean  : Servlet dispatcherServlet mapped to [/]
2018-05-04 17:24:47.764  INFO 8440 --- [localhost-startStop-1] o.s.b.w.servlet.FilterRegistrationBean   : Mapping filter: 'characterEncodingFilter' to: [/*]
2018-05-04 17:24:47.764  INFO 8440 --- [localhost-startStop-1] o.s.b.w.servlet.FilterRegistrationBean   : Mapping filter: 'hiddenHttpMethodFilter' to: [/*]
2018-05-04 17:24:47.766  INFO 8440 --- [localhost-startStop-1] o.s.b.w.servlet.FilterRegistrationBean   : Mapping filter: 'httpPutFormContentFilter' to: [/*]
2018-05-04 17:24:47.766  INFO 8440 --- [localhost-startStop-1] o.s.b.w.servlet.FilterRegistrationBean   : Mapping filter: 'requestContextFilter' to: [/*]
2018-05-04 17:24:47.977  INFO 8440 --- [main] o.s.w.s.handler.SimpleUrlHandlerMapping  : Mapped URL path [/**/favicon.ico] onto handler of type [class org.springframework.web.servlet.resource.ResourceHttpRequestHandler]
2018-05-04 17:24:48.082  INFO 8440 --- [main] s.w.s.m.m.a.RequestMappingHandlerAdapter : Looking for @ControllerAdvice: org.springframework.boot.web.servlet.context.AnnotationConfigServletWebServerApplicationContext@6973bf95: startup date [Fri May 04 17:24:45 EEST 2018]; root of context hierarchy
2018-05-04 17:24:48.131  INFO 8440 --- [main] s.w.s.m.m.a.RequestMappingHandlerMapping : Mapped "{[/webhook],methods=[GET]}" onto public java.lang.String internship.task.tasker.controller.WebHookVerificationController.verify(java.lang.String,java.lang.String,java.lang.String)
2018-05-04 17:24:48.132  INFO 8440 --- [main] s.w.s.m.m.a.RequestMappingHandlerMapping : Mapped "{[/webhook],methods=[POST]}" onto public void internship.task.tasker.controller.WebHookVerificationController.testWebHook(internship.task.tasker.domain.WebHookRepresentationJSON)
2018-05-04 17:24:48.135  INFO 8440 --- [main] s.w.s.m.m.a.RequestMappingHandlerMapping : Mapped "{[/error]}" onto public org.springframework.http.ResponseEntity<java.util.Map<java.lang.String, java.lang.Object>> org.springframework.boot.autoconfigure.web.servlet.error.BasicErrorController.error(javax.servlet.http.HttpServletRequest)
2018-05-04 17:24:48.136  INFO 8440 --- [main] s.w.s.m.m.a.RequestMappingHandlerMapping : Mapped "{[/error],produces=[text/html]}" onto public org.springframework.web.servlet.ModelAndView org.springframework.boot.autoconfigure.web.servlet.error.BasicErrorController.errorHtml(javax.servlet.http.HttpServletRequest,javax.servlet.http.HttpServletResponse)
2018-05-04 17:24:48.158  INFO 8440 --- [main] o.s.w.s.handler.SimpleUrlHandlerMapping  : Mapped URL path [/webjars/**] onto handler of type [class org.springframework.web.servlet.resource.ResourceHttpRequestHandler]
2018-05-04 17:24:48.158  INFO 8440 --- [main] o.s.w.s.handler.SimpleUrlHandlerMapping  : Mapped URL path [/**] onto handler of type [class org.springframework.web.servlet.resource.ResourceHttpRequestHandler]
2018-05-04 17:24:48.301  INFO 8440 --- [main] o.s.j.e.a.AnnotationMBeanExporter        : Registering beans for JMX exposure on startup
2018-05-04 17:24:48.344  INFO 8440 --- [main] o.s.b.w.embedded.tomcat.TomcatWebServer  : Tomcat started on port(s): 8080 (http) with context path ''
2018-05-04 17:24:48.349  INFO 8440 --- [main] i.task.tasker.TaskerApplication          : Started TaskerApplication in 3.022 seconds (JVM running for 4.322)
2018-05-04 17:24:57.058  INFO 8440 --- [http-nio-8080-exec-1] o.a.c.c.C.[Tomcat].[localhost].[/]       : Initializing Spring FrameworkServlet 'dispatcherServlet'
2018-05-04 17:24:57.059  INFO 8440 --- [http-nio-8080-exec-1] o.s.web.servlet.DispatcherServlet        : FrameworkServlet 'dispatcherServlet': initialization started
2018-05-04 17:24:57.082  INFO 8440 --- [http-nio-8080-exec-1] o.s.web.servlet.DispatcherServlet        : FrameworkServlet 'dispatcherServlet': initialization completed in 23 ms
